WARNING: No icon found in path: 'notification-network-wireless-disconnected'
CRITICAL: Source ID 17 was not found when attempting to remove it
CRITICAL: Source ID 23 was not found when attempting to remove it
WARNING: No icon found in path: 'nm-signal-75'
CRITICAL: Source ID 29 was not found when attempting to remove it
CRITICAL: Source ID 34 was not found when attempting to remove it
WARNING: Unsupported mouse button: '5'
WARNING: Unsupported mouse button: '5'
WARNING: Unsupported mouse button: '5'
WARNING: Unsupported mouse button: '5'
WARNING: Unsupported mouse button: '5'
CRITICAL: Source ID 47 was not found when attempting to remove it
WARNING: Unsupported mouse button: '4'
WARNING: Unsupported mouse button: '4'
CRITICAL: [dbus_cb_name_lost:1152] Cannot acquire 'org.freedesktop.Notifications': Name is acquired by 'dunst' with PID '224867'.
CRITICAL: [dbus_cb_name_lost:1152] Cannot acquire 'org.freedesktop.Notifications': Name is acquired by 'dunst' with PID '224867'.
WARNING: No icon found in path: 'notification-network-wireless-disconnected'
CRITICAL: Source ID 22 was not found when attempting to remove it
WARNING: No icon found in path: 'nm-signal-50'
CRITICAL: Source ID 30 was not found when attempting to remove it
WARNING: No icon found in path: 'notification-network-wireless-disconnected'
CRITICAL: Source ID 33 was not found when attempting to remove it
WARNING: No icon found in path: 'nm-signal-50'
CRITICAL: Source ID 36 was not found when attempting to remove it
CRITICAL: Source ID 39 was not found when attempting to remove it
CRITICAL: Source ID 46 was not found when attempting to remove it
CRITICAL: Source ID 74 was not found when attempting to remove it
CRITICAL: Source ID 88 was not found when attempting to remove it
CRITICAL: Source ID 128 was not found when attempting to remove it
CRITICAL: Source ID 135 was not found when attempting to remove it
CRITICAL: Source ID 163 was not found when attempting to remove it
CRITICAL: Source ID 358 was not found when attempting to remove it
CRITICAL: Source ID 579 was not found when attempting to remove it
CRITICAL: Source ID 756 was not found when attempting to remove it
CRITICAL: Source ID 797 was not found when attempting to remove it
CRITICAL: Source ID 811 was not found when attempting to remove it
CRITICAL: Source ID 837 was not found when attempting to remove it
CRITICAL: Source ID 867 was not found when attempting to remove it
CRITICAL: Source ID 981 was not found when attempting to remove it
CRITICAL: Source ID 1577 was not found when attempting to remove it
CRITICAL: Source ID 1598 was not found when attempting to remove it
CRITICAL: Source ID 1612 was not found when attempting to remove it
CRITICAL: Source ID 1626 was not found when attempting to remove it
CRITICAL: Source ID 1633 was not found when attempting to remove it
CRITICAL: Source ID 1647 was not found when attempting to remove it
CRITICAL: Source ID 1658 was not found when attempting to remove it
CRITICAL: Source ID 1665 was not found when attempting to remove it
CRITICAL: Source ID 1673 was not found when attempting to remove it
CRITICAL: Source ID 1680 was not found when attempting to remove it
CRITICAL: Source ID 1687 was not found when attempting to remove it
CRITICAL: Source ID 1702 was not found when attempting to remove it
CRITICAL: Source ID 1709 was not found when attempting to remove it
CRITICAL: Source ID 1716 was not found when attempting to remove it
CRITICAL: Source ID 1723 was not found when attempting to remove it
CRITICAL: Source ID 1730 was not found when attempting to remove it
CRITICAL: Source ID 1737 was not found when attempting to remove it
CRITICAL: Source ID 1744 was not found when attempting to remove it
CRITICAL: Source ID 1751 was not found when attempting to remove it
CRITICAL: Source ID 1758 was not found when attempting to remove it
CRITICAL: Source ID 1765 was not found when attempting to remove it
CRITICAL: Source ID 1772 was not found when attempting to remove it
CRITICAL: Source ID 1779 was not found when attempting to remove it
CRITICAL: Source ID 1786 was not found when attempting to remove it
CRITICAL: Source ID 1793 was not found when attempting to remove it
CRITICAL: Source ID 1800 was not found when attempting to remove it
CRITICAL: Source ID 1808 was not found when attempting to remove it
CRITICAL: Source ID 1817 was not found when attempting to remove it
CRITICAL: Source ID 1824 was not found when attempting to remove it
CRITICAL: Source ID 1831 was not found when attempting to remove it
CRITICAL: Source ID 1838 was not found when attempting to remove it
CRITICAL: Source ID 1845 was not found when attempting to remove it
CRITICAL: Source ID 1852 was not found when attempting to remove it
CRITICAL: Source ID 1859 was not found when attempting to remove it
CRITICAL: Source ID 1866 was not found when attempting to remove it
CRITICAL: Source ID 1874 was not found when attempting to remove it
CRITICAL: Source ID 1881 was not found when attempting to remove it
CRITICAL: Source ID 1888 was not found when attempting to remove it
CRITICAL: Source ID 1895 was not found when attempting to remove it
CRITICAL: Source ID 1902 was not found when attempting to remove it
CRITICAL: Source ID 1909 was not found when attempting to remove it
CRITICAL: Source ID 1916 was not found when attempting to remove it
CRITICAL: Source ID 1923 was not found when attempting to remove it
CRITICAL: Source ID 1930 was not found when attempting to remove it
CRITICAL: Source ID 1937 was not found when attempting to remove it
CRITICAL: Source ID 1944 was not found when attempting to remove it
CRITICAL: Source ID 1951 was not found when attempting to remove it
CRITICAL: Source ID 1965 was not found when attempting to remove it
CRITICAL: Source ID 1998 was not found when attempting to remove it
CRITICAL: Source ID 2012 was not found when attempting to remove it
CRITICAL: Source ID 2027 was not found when attempting to remove it
CRITICAL: Source ID 2034 was not found when attempting to remove it
CRITICAL: Source ID 2041 was not found when attempting to remove it
CRITICAL: Source ID 2048 was not found when attempting to remove it
CRITICAL: Source ID 2055 was not found when attempting to remove it
CRITICAL: Source ID 2062 was not found when attempting to remove it
CRITICAL: Source ID 2070 was not found when attempting to remove it
CRITICAL: Source ID 2090 was not found when attempting to remove it
CRITICAL: Source ID 2097 was not found when attempting to remove it
CRITICAL: Source ID 2105 was not found when attempting to remove it
CRITICAL: Source ID 2113 was not found when attempting to remove it
CRITICAL: Source ID 2120 was not found when attempting to remove it
CRITICAL: Source ID 2127 was not found when attempting to remove it
CRITICAL: Source ID 2134 was not found when attempting to remove it
CRITICAL: Source ID 2141 was not found when attempting to remove it
CRITICAL: Source ID 2148 was not found when attempting to remove it
CRITICAL: Source ID 2155 was not found when attempting to remove it
CRITICAL: Source ID 2162 was not found when attempting to remove it
CRITICAL: Source ID 2169 was not found when attempting to remove it
CRITICAL: Source ID 2176 was not found when attempting to remove it
CRITICAL: Source ID 2184 was not found when attempting to remove it
CRITICAL: Source ID 2191 was not found when attempting to remove it
CRITICAL: Source ID 2199 was not found when attempting to remove it
CRITICAL: Source ID 2208 was not found when attempting to remove it
CRITICAL: Source ID 2215 was not found when attempting to remove it
CRITICAL: Source ID 2232 was not found when attempting to remove it
CRITICAL: Source ID 2239 was not found when attempting to remove it
CRITICAL: Source ID 2246 was not found when attempting to remove it
CRITICAL: Source ID 2253 was not found when attempting to remove it
CRITICAL: Source ID 2260 was not found when attempting to remove it
CRITICAL: Source ID 2267 was not found when attempting to remove it
WARNING: No icon found in path: 'notification-network-wireless-disconnected'
CRITICAL: Source ID 2274 was not found when attempting to remove it
WARNING: No icon found in path: 'nm-signal-100'
CRITICAL: Source ID 2300 was not found when attempting to remove it
CRITICAL: Source ID 2305 was not found when attempting to remove it
CRITICAL: Source ID 2327 was not found when attempting to remove it
CRITICAL: Source ID 2334 was not found when attempting to remove it
CRITICAL: Source ID 2351 was not found when attempting to remove it
CRITICAL: Source ID 2359 was not found when attempting to remove it
CRITICAL: Source ID 2366 was not found when attempting to remove it
CRITICAL: Source ID 2373 was not found when attempting to remove it
CRITICAL: Source ID 2380 was not found when attempting to remove it
CRITICAL: Source ID 2387 was not found when attempting to remove it
CRITICAL: Source ID 2394 was not found when attempting to remove it
CRITICAL: Source ID 2403 was not found when attempting to remove it
CRITICAL: Source ID 2410 was not found when attempting to remove it
CRITICAL: Source ID 2426 was not found when attempting to remove it
CRITICAL: Source ID 2440 was not found when attempting to remove it
CRITICAL: Source ID 2453 was not found when attempting to remove it
WARNING: No icon found in path: 'notification-network-wireless-disconnected'
CRITICAL: Source ID 2460 was not found when attempting to remove it
WARNING: No icon found in path: 'nm-signal-75'
CRITICAL: Source ID 2471 was not found when attempting to remove it
WARNING: No icon found in path: 'notification-network-wireless-disconnected'
CRITICAL: Source ID 2478 was not found when attempting to remove it
CRITICAL: Source ID 2484 was not found when attempting to remove it
WARNING: No icon found in path: 'nm-signal-75'
CRITICAL: Source ID 2490 was not found when attempting to remove it
WARNING: No icon found in path: 'notification-network-wireless-disconnected'
CRITICAL: Source ID 2495 was not found when attempting to remove it
WARNING: No icon found in path: 'nm-signal-75'
